2025-11-09 15:47:26,488 - __main__ - INFO - Modality classifier loaded successfully
2025-11-09 15:47:29,366 - absl - WARNING - Compiled the loaded model, but the compiled metrics have yet to be built. `model.compile_metrics` will be empty until you train or evaluate the model.
2025-11-09 15:47:29,373 - __main__ - INFO - Tuberculosis model loaded successfully
2025-11-09 15:47:33,619 - absl - WARNING - Compiled the loaded model, but the compiled metrics have yet to be built. `model.compile_metrics` will be empty until you train or evaluate the model.
2025-11-09 15:47:33,834 - __main__ - INFO - Lung Cancer model loaded successfully
2025-11-09 15:47:35,269 - __main__ - ERROR - Eye Disease loading error: Layer "dense" expects 1 input(s), but it received 2 input tensors. Inputs received: [<KerasTensor shape=(None, 7, 7, 1024), dtype=float32, sparse=False, ragged=False, name=keras_tensor_3936>, <KerasTensor shape=(None, 7, 7, 1024), dtype=float32, sparse=False, ragged=False, name=keras_tensor_3937>]
2025-11-09 15:47:35,494 - absl - WARNING - Compiled the loaded model, but the compiled metrics have yet to be built. `model.compile_metrics` will be empty until you train or evaluate the model.
2025-11-09 15:47:35,501 - __main__ - INFO - Breast Cancer model loaded successfully
2025-11-09 15:47:35,501 - __main__ - WARNING - Alzheimer model not found at C:\Users\samar\OneDrive\Desktop\Projects\dip project\models\alzheimer_model.h5
2025-11-09 15:47:35,501 - __main__ - WARNING - Knee Osteoarthritis model not found at C:\Users\samar\OneDrive\Desktop\Projects\dip project\models\knee_osteoarthritis_model.h5
2025-11-09 15:47:35,503 - __main__ - INFO - AdvancedSAMVLMCascadedEngine initialized on device: cpu
2025-11-09 15:47:35,862 - tensorflow - WARNING - From C:\Users\samar\AppData\Local\Programs\Python\Python312\Lib\site-packages\keras\src\backend\common\global_state.py:82: The name tf.reset_default_graph is deprecated. Please use tf.compat.v1.reset_default_graph instead.

2025-11-09 15:48:48,709 - __main__ - INFO - Modality prediction: Chest X-ray (99.12%)
2025-11-09 15:48:52,886 - __main__ - INFO - Tuberculosis prediction: Tuberculosis Detected (98.56%)
2025-11-09 15:48:52,904 - __main__ - INFO - Logged prediction: Tuberculosis - 98.56%
2025-11-09 15:48:59,719 - __main__ - INFO - Lung Cancer prediction: Lung Cancer Detected (100.00%)
2025-11-09 15:48:59,725 - __main__ - INFO - Logged prediction: Lung Cancer - 100.00%
2025-11-09 15:49:02,863 - __main__ - INFO - Loading SAM model...
2025-11-09 15:51:16,055 - __main__ - INFO - SAM generated 11 masks
2025-11-09 15:51:16,062 - __main__ - WARNING - VLM not loaded, skipping semantic filtering
2025-11-09 15:51:16,063 - __main__ - INFO - VLM filtering reduced to 11 masks
2025-11-09 15:53:24,128 - __main__ - INFO - SAM generated 11 masks
2025-11-09 15:53:24,130 - __main__ - WARNING - VLM not loaded, skipping semantic filtering
2025-11-09 15:53:24,130 - __main__ - INFO - VLM filtering reduced to 11 masks
2025-11-09 15:53:24,165 - __main__ - ERROR - Report generation error: 'latin-1' codec can't encode character '\u2022' in position 741: ordinal not in range(256)
2025-11-09 15:53:24,271 - __main__ - ERROR - Screening pipeline error: Object of type bool_ is not JSON serializable
Traceback (most recent call last):
  File "C:\Users\samar\OneDrive\Desktop\Projects\dip project\app.py", line 2332, in run_full_screening_pipeline
    data=json.dumps(audit_data, indent=2),
         ^^^^^^^^^^^^^^^^^^^^^^^^^^^^^^^^
  File "C:\Users\samar\AppData\Local\Programs\Python\Python312\Lib\json\__init__.py", line 238, in dumps
    **kw).encode(obj)
          ^^^^^^^^^^^
  File "C:\Users\samar\AppData\Local\Programs\Python\Python312\Lib\json\encoder.py", line 202, in encode
    chunks = list(chunks)
             ^^^^^^^^^^^^
  File "C:\Users\samar\AppData\Local\Programs\Python\Python312\Lib\json\encoder.py", line 432, in _iterencode
    yield from _iterencode_dict(o, _current_indent_level)
  File "C:\Users\samar\AppData\Local\Programs\Python\Python312\Lib\json\encoder.py", line 406, in _iterencode_dict
    yield from chunks
  File "C:\Users\samar\AppData\Local\Programs\Python\Python312\Lib\json\encoder.py", line 406, in _iterencode_dict
    yield from chunks
  File "C:\Users\samar\AppData\Local\Programs\Python\Python312\Lib\json\encoder.py", line 406, in _iterencode_dict
    yield from chunks
  File "C:\Users\samar\AppData\Local\Programs\Python\Python312\Lib\json\encoder.py", line 439, in _iterencode
    o = _default(o)
        ^^^^^^^^^^^
  File "C:\Users\samar\AppData\Local\Programs\Python\Python312\Lib\json\encoder.py", line 180, in default
    raise TypeError(f'Object of type {o.__class__.__name__} '
TypeError: Object of type bool_ is not JSON serializable

2025-11-09 16:15:35,653 - WARNING - From C:\Users\samar\AppData\Local\Programs\Python\Python312\Lib\site-packages\keras\src\backend\common\global_state.py:82: The name tf.reset_default_graph is deprecated. Please use tf.compat.v1.reset_default_graph instead.

2025-11-09 16:16:58,367 - WARNING - From C:\Users\samar\AppData\Local\Programs\Python\Python312\Lib\site-packages\keras\src\backend\common\global_state.py:82: The name tf.reset_default_graph is deprecated. Please use tf.compat.v1.reset_default_graph instead.

2025-11-09 16:21:00,639 - WARNING - From C:\Users\samar\AppData\Local\Programs\Python\Python312\Lib\site-packages\keras\src\backend\common\global_state.py:82: The name tf.reset_default_graph is deprecated. Please use tf.compat.v1.reset_default_graph instead.

